<?xml version="1.0" encoding="UTF-8"?>
<robot generator="Robot 6.0.2 (Python 3.11.3 on win32)" generated="20230927 08:47:34.752" rpa="false" schemaversion="3">
<suite id="s1" name="Apitesting" source="D:\Projetos\RobotFramework\Desafios\ApiTesting\apitesting.robot">
<test id="s1-t1" name="Cenário: Logar com o novo usuário criado" line="9">
<kw name="Criar um usuário novo" library="api_testing_usuarios">
<kw name="Generate Random String" library="String">
<var>${palavra_aleatoria}</var>
<arg>length=4</arg>
<arg>chars=[LETTERS]</arg>
<doc>Generates a string with a desired ``length`` from the given ``chars``.</doc>
<msg timestamp="20230927 08:47:36.620" level="INFO">${palavra_aleatoria} = rgqq</msg>
<status status="PASS" starttime="20230927 08:47:36.619" endtime="20230927 08:47:36.620"/>
</kw>
<kw name="Convert To Lower Case" library="String">
<var>${palavra_aleatoria}</var>
<arg>${palavra_aleatoria}</arg>
<doc>Converts string to lower case.</doc>
<msg timestamp="20230927 08:47:36.621" level="INFO">${palavra_aleatoria} = rgqq</msg>
<status status="PASS" starttime="20230927 08:47:36.620" endtime="20230927 08:47:36.621"/>
</kw>
<kw name="Set Test Variable" library="BuiltIn">
<arg>${EMAIL_TESTE}</arg>
<arg>${palavra_aleatoria}@emailteste.com</arg>
<doc>Makes a variable available everywhere within the scope of the current test.</doc>
<msg timestamp="20230927 08:47:36.621" level="INFO">${EMAIL_TESTE} = rgqq@emailteste.com</msg>
<status status="PASS" starttime="20230927 08:47:36.621" endtime="20230927 08:47:36.621"/>
</kw>
<kw name="Log" library="BuiltIn">
<arg>${EMAIL_TESTE}</arg>
<doc>Logs the given message with the given level.</doc>
<msg timestamp="20230927 08:47:36.621" level="INFO">rgqq@emailteste.com</msg>
<status status="PASS" starttime="20230927 08:47:36.621" endtime="20230927 08:47:36.621"/>
</kw>
<status status="PASS" starttime="20230927 08:47:36.619" endtime="20230927 08:47:36.622"/>
</kw>
<kw name="Cadastrar o usuário criado na ServeRest" library="api_testing_usuarios">
<arg>email=${EMAIL_TESTE}</arg>
<arg>status_code_desejado=201</arg>
<kw name="Create Dictionary" library="BuiltIn">
<var>${body}</var>
<arg>nome=Fulano da Silva</arg>
<arg>email=${email}</arg>
<arg>password=1234</arg>
<arg>administrador=true</arg>
<doc>Creates and returns a dictionary based on the given ``items``.</doc>
<msg timestamp="20230927 08:47:36.624" level="INFO">${body} = {'nome': 'Fulano da Silva', 'email': 'rgqq@emailteste.com', 'password': '1234', 'administrador': 'true'}</msg>
<status status="PASS" starttime="20230927 08:47:36.622" endtime="20230927 08:47:36.624"/>
</kw>
<kw name="Log" library="BuiltIn">
<arg>${body}</arg>
<doc>Logs the given message with the given level.</doc>
<msg timestamp="20230927 08:47:36.624" level="INFO">{'nome': 'Fulano da Silva', 'email': 'rgqq@emailteste.com', 'password': '1234', 'administrador': 'true'}</msg>
<status status="PASS" starttime="20230927 08:47:36.624" endtime="20230927 08:47:36.624"/>
</kw>
<kw name="Criar Sessão na ServeRest" library="api_testing_usuarios">
<kw name="Create Dictionary" library="BuiltIn">
<var>${headers}</var>
<arg>accept=application/json</arg>
<arg>Content-Type=application/json</arg>
<doc>Creates and returns a dictionary based on the given ``items``.</doc>
<msg timestamp="20230927 08:47:36.624" level="INFO">${headers} = {'accept': 'application/json', 'Content-Type': 'application/json'}</msg>
<status status="PASS" starttime="20230927 08:47:36.624" endtime="20230927 08:47:36.624"/>
</kw>
<kw name="Create Session" library="RequestsLibrary">
<arg>alias=ServeRest</arg>
<arg>url=https://serverest.dev</arg>
<arg>headers=${headers}</arg>
<doc>Create Session: create a HTTP session to a server</doc>
<msg timestamp="20230927 08:47:36.624" level="INFO">Creating Session using : alias=ServeRest, url=https://serverest.dev, headers={'accept': 'application/json', 'Content-Type': 'application/json'},                     cookies={}, auth=None, timeout=None, proxies=None, verify=False,                     debug=0 </msg>
<status status="PASS" starttime="20230927 08:47:36.624" endtime="20230927 08:47:36.624"/>
</kw>
<status status="PASS" starttime="20230927 08:47:36.624" endtime="20230927 08:47:36.624"/>
</kw>
<kw name="POST On Session" library="RequestsLibrary">
<var>${resposta}</var>
<arg>alias=ServeRest</arg>
<arg>url=/usuarios</arg>
<arg>json=${body}</arg>
<arg>expected_status=${status_code_desejado}</arg>
<doc>Sends a POST request on a previously created HTTP Session.</doc>
<msg timestamp="20230927 08:47:37.321" level="INFO">POST Request : url=https://serverest.dev/usuarios 
 path_url=/usuarios 
 headers={'User-Agent': 'python-requests/2.31.0', 'Accept-Encoding': 'gzip, deflate', 'accept': 'application/json', 'Connection': 'keep-alive', 'Content-Type': 'application/json', 'Content-Length': '104'} 
 body=b'{"nome": "Fulano da Silva", "email": "rgqq@emailteste.com", "password": "1234", "administrador": "true"}' 
 </msg>
<msg timestamp="20230927 08:47:37.321" level="INFO">POST Response : url=https://serverest.dev/usuarios 
 status=201, reason=Created 
 headers={'access-control-allow-origin': '*', 'x-dns-prefetch-control': 'off', 'x-frame-options': 'SAMEORIGIN', 'strict-transport-security': 'max-age=15552000; includeSubDomains', 'x-download-options': 'noopen', 'x-content-type-options': 'nosniff', 'x-xss-protection': '1; mode=block', 'content-type': 'application/json; charset=utf-8', 'X-Cloud-Trace-Context': '5363f0d086d4b3ee938fa3f68da2f3be;o=1', 'Date': 'Wed, 27 Sep 2023 11:47:37 GMT', 'Server': 'Google Frontend', 'Content-Length': '82'} 
 body={
    "message": "Cadastro realizado com sucesso",
    "_id": "6Nf51j9xjJAF1Bzn"
} 
 </msg>
<msg timestamp="20230927 08:47:37.321" level="INFO">D:\AppData\Local\Programs\Python\Python311\Lib\site-packages\urllib3\connectionpool.py:1095: InsecureRequestWarning: Unverified HTTPS request is being made to host 'serverest.dev'. Adding certificate verification is strongly advised. See: https://urllib3.readthedocs.io/en/latest/advanced-usage.html#tls-warnings
  warnings.warn(</msg>
<msg timestamp="20230927 08:47:37.321" level="INFO">${resposta} = &lt;Response [201]&gt;</msg>
<status status="PASS" starttime="20230927 08:47:36.624" endtime="20230927 08:47:37.321"/>
</kw>
<kw name="Log" library="BuiltIn">
<arg>${resposta.json()}</arg>
<doc>Logs the given message with the given level.</doc>
<msg timestamp="20230927 08:47:37.327" level="INFO">{'message': 'Cadastro realizado com sucesso', '_id': '6Nf51j9xjJAF1Bzn'}</msg>
<status status="PASS" starttime="20230927 08:47:37.321" endtime="20230927 08:47:37.327"/>
</kw>
<if>
<branch type="IF" condition="${resposta.status_code} == 201">
<kw name="Set Test Variable" library="BuiltIn">
<arg>${ID_USUARIO}</arg>
<arg>${resposta.json()["_id"]}</arg>
<doc>Makes a variable available everywhere within the scope of the current test.</doc>
<msg timestamp="20230927 08:47:37.327" level="INFO">${ID_USUARIO} = 6Nf51j9xjJAF1Bzn</msg>
<status status="PASS" starttime="20230927 08:47:37.327" endtime="20230927 08:47:37.327"/>
</kw>
<status status="PASS" starttime="20230927 08:47:37.327" endtime="20230927 08:47:37.327"/>
</branch>
<status status="PASS" starttime="20230927 08:47:37.327" endtime="20230927 08:47:37.327"/>
</if>
<kw name="Set Test Variable" library="BuiltIn">
<arg>${RESPOSTA}</arg>
<arg>${resposta.json()}</arg>
<doc>Makes a variable available everywhere within the scope of the current test.</doc>
<msg timestamp="20230927 08:47:37.335" level="INFO">${RESPOSTA} = {'message': 'Cadastro realizado com sucesso', '_id': '6Nf51j9xjJAF1Bzn'}</msg>
<status status="PASS" starttime="20230927 08:47:37.327" endtime="20230927 08:47:37.337"/>
</kw>
<status status="PASS" starttime="20230927 08:47:36.622" endtime="20230927 08:47:37.337"/>
</kw>
<kw name="Realizar Login com o usuário">
<kw name="Create Dictionary" library="BuiltIn">
<var>${body}</var>
<arg>email=${EMAIL_TESTE}</arg>
<arg>password=1234</arg>
<doc>Creates and returns a dictionary based on the given ``items``.</doc>
<msg timestamp="20230927 08:47:37.338" level="INFO">${body} = {'email': 'rgqq@emailteste.com', 'password': '1234'}</msg>
<status status="PASS" starttime="20230927 08:47:37.338" endtime="20230927 08:47:37.338"/>
</kw>
<kw name="Criar Sessão na ServeRest" library="api_testing_usuarios">
<kw name="Create Dictionary" library="BuiltIn">
<var>${headers}</var>
<arg>accept=application/json</arg>
<arg>Content-Type=application/json</arg>
<doc>Creates and returns a dictionary based on the given ``items``.</doc>
<msg timestamp="20230927 08:47:37.338" level="INFO">${headers} = {'accept': 'application/json', 'Content-Type': 'application/json'}</msg>
<status status="PASS" starttime="20230927 08:47:37.338" endtime="20230927 08:47:37.338"/>
</kw>
<kw name="Create Session" library="RequestsLibrary">
<arg>alias=ServeRest</arg>
<arg>url=https://serverest.dev</arg>
<arg>headers=${headers}</arg>
<doc>Create Session: create a HTTP session to a server</doc>
<msg timestamp="20230927 08:47:37.338" level="INFO">Creating Session using : alias=ServeRest, url=https://serverest.dev, headers={'accept': 'application/json', 'Content-Type': 'application/json'},                     cookies={}, auth=None, timeout=None, proxies=None, verify=False,                     debug=0 </msg>
<status status="PASS" starttime="20230927 08:47:37.338" endtime="20230927 08:47:37.338"/>
</kw>
<status status="PASS" starttime="20230927 08:47:37.338" endtime="20230927 08:47:37.338"/>
</kw>
<kw name="POST On Session" library="RequestsLibrary">
<var>${resposta}</var>
<arg>alias=ServeRest</arg>
<arg>url=/login</arg>
<arg>json=${body}</arg>
<arg>expected_status=200</arg>
<doc>Sends a POST request on a previously created HTTP Session.</doc>
<msg timestamp="20230927 08:47:37.667" level="INFO">POST Request : url=https://serverest.dev/login 
 path_url=/login 
 headers={'User-Agent': 'python-requests/2.31.0', 'Accept-Encoding': 'gzip, deflate', 'accept': 'application/json', 'Connection': 'keep-alive', 'Content-Type': 'application/json', 'Content-Length': '52'} 
 body=b'{"email": "rgqq@emailteste.com", "password": "1234"}' 
 </msg>
<msg timestamp="20230927 08:47:37.667" level="INFO">POST Response : url=https://serverest.dev/login 
 status=200, reason=OK 
 headers={'access-control-allow-origin': '*', 'x-dns-prefetch-control': 'off', 'x-frame-options': 'SAMEORIGIN', 'strict-transport-security': 'max-age=15552000; includeSubDomains', 'x-download-options': 'noopen', 'x-content-type-options': 'nosniff', 'x-xss-protection': '1; mode=block', 'content-type': 'application/json; charset=utf-8', 'X-Cloud-Trace-Context': 'e5e20201c2f0c82e1b4b8ed1cc585e63', 'Date': 'Wed, 27 Sep 2023 11:47:37 GMT', 'Server': 'Google Frontend', 'Content-Length': '272'} 
 body={
    "message": "Login realizado com sucesso",
    "authorization": "Bearer eyJhbGciOiJIUzI1NiIsInR5cCI6IkpXVCJ9.eyJlbWFpbCI6InJncXFAZW1haWx0ZXN0ZS5jb20iLCJwYXNzd29yZCI6IjEyMzQiLCJpYXQiOjE2OTU4MTUyNTcsImV4cCI6MTY5NTgxNTg1N30.TpWxyAZ3r-WUBH-lM_O2oEgYxpkbLNIJxnp0ftc2Zvg"
} 
 </msg>
<msg timestamp="20230927 08:47:37.667" level="INFO">D:\AppData\Local\Programs\Python\Python311\Lib\site-packages\urllib3\connectionpool.py:1095: InsecureRequestWarning: Unverified HTTPS request is being made to host 'serverest.dev'. Adding certificate verification is strongly advised. See: https://urllib3.readthedocs.io/en/latest/advanced-usage.html#tls-warnings
  warnings.warn(</msg>
<msg timestamp="20230927 08:47:37.667" level="INFO">${resposta} = &lt;Response [200]&gt;</msg>
<status status="PASS" starttime="20230927 08:47:37.338" endtime="20230927 08:47:37.667"/>
</kw>
<kw name="Set Test Variable" library="BuiltIn">
<arg>${RESPOSTA}</arg>
<arg>${resposta.json()}</arg>
<doc>Makes a variable available everywhere within the scope of the current test.</doc>
<msg timestamp="20230927 08:47:37.675" level="INFO">${RESPOSTA} = {'message': 'Login realizado com sucesso', 'authorization': 'Bearer eyJhbGciOiJIUzI1NiIsInR5cCI6IkpXVCJ9.eyJlbWFpbCI6InJncXFAZW1haWx0ZXN0ZS5jb20iLCJwYXNzd29yZCI6IjEyMzQiLCJpYXQiOjE2OTU4MTUyNTcsImV4cCI...</msg>
<status status="PASS" starttime="20230927 08:47:37.667" endtime="20230927 08:47:37.675"/>
</kw>
<status status="PASS" starttime="20230927 08:47:37.337" endtime="20230927 08:47:37.675"/>
</kw>
<kw name="Conferir se o Login ocorreu com sucesso">
<kw name="Log" library="BuiltIn">
<arg>${RESPOSTA}</arg>
<doc>Logs the given message with the given level.</doc>
<msg timestamp="20230927 08:47:37.679" level="INFO">{'message': 'Login realizado com sucesso', 'authorization': 'Bearer eyJhbGciOiJIUzI1NiIsInR5cCI6IkpXVCJ9.eyJlbWFpbCI6InJncXFAZW1haWx0ZXN0ZS5jb20iLCJwYXNzd29yZCI6IjEyMzQiLCJpYXQiOjE2OTU4MTUyNTcsImV4cCI6MTY5NTgxNTg1N30.TpWxyAZ3r-WUBH-lM_O2oEgYxpkbLNIJxnp0ftc2Zvg'}</msg>
<status status="PASS" starttime="20230927 08:47:37.678" endtime="20230927 08:47:37.679"/>
</kw>
<kw name="Dictionary Should Contain Item" library="Collections">
<arg>${RESPOSTA}</arg>
<arg>message</arg>
<arg>Login realizado com sucesso</arg>
<doc>An item of ``key`` / ``value`` must be found in a ``dictionary``.</doc>
<status status="PASS" starttime="20230927 08:47:37.679" endtime="20230927 08:47:37.679"/>
</kw>
<kw name="Dictionary Should Contain Key" library="Collections">
<arg>${RESPOSTA}</arg>
<arg>authorization</arg>
<doc>Fails if ``key`` is not found from ``dictionary``.</doc>
<status status="PASS" starttime="20230927 08:47:37.679" endtime="20230927 08:47:37.679"/>
</kw>
<status status="PASS" starttime="20230927 08:47:37.675" endtime="20230927 08:47:37.679"/>
</kw>
<status status="PASS" starttime="20230927 08:47:36.617" endtime="20230927 08:47:37.679"/>
</test>
<status status="PASS" starttime="20230927 08:47:34.763" endtime="20230927 08:47:37.687"/>
</suite>
<statistics>
<total>
<stat pass="1" fail="0" skip="0">All Tests</stat>
</total>
<tag>
</tag>
<suite>
<stat pass="1" fail="0" skip="0" id="s1" name="Apitesting">Apitesting</stat>
</suite>
</statistics>
<errors>
</errors>
</robot>
