<?xml version="1.0" encoding="UTF-8"?>
<robot generator="Robot 6.0.2 (Python 3.11.3 on win32)" generated="20230708 20:00:46.027" rpa="false" schemaversion="3">
<suite id="s1" name="DesafioDicionario" source="D:\Projetos\RobotFramework\VariaveisEscoposArgumentos\Desafios\DesafioDicionario.robot">
<test id="s1-t1" name="Teste Case I" line="21">
<kw name="Print months of the year and your days in console">
<kw name="Log To Console" library="BuiltIn">
<arg>${MONTHS.month1} has ${MONTHS.daysjan} days</arg>
<doc>Logs the given message to the console.</doc>
<status status="PASS" starttime="20230708 20:00:46.075" endtime="20230708 20:00:46.076"/>
</kw>
<kw name="Log To Console" library="BuiltIn">
<arg>${MONTHS.month2} has ${MONTHS.daysfeb} days</arg>
<doc>Logs the given message to the console.</doc>
<status status="PASS" starttime="20230708 20:00:46.076" endtime="20230708 20:00:46.078"/>
</kw>
<kw name="Log To Console" library="BuiltIn">
<arg>${MONTHS.month3} has ${MONTHS.daysmar} days</arg>
<doc>Logs the given message to the console.</doc>
<status status="PASS" starttime="20230708 20:00:46.078" endtime="20230708 20:00:46.079"/>
</kw>
<kw name="Log To Console" library="BuiltIn">
<arg>${MONTHS.month4} has ${MONTHS.daysapr} days</arg>
<doc>Logs the given message to the console.</doc>
<status status="PASS" starttime="20230708 20:00:46.079" endtime="20230708 20:00:46.079"/>
</kw>
<kw name="Log To Console" library="BuiltIn">
<arg>${MONTHS.month5} has ${MONTHS.daysmay} days</arg>
<doc>Logs the given message to the console.</doc>
<status status="PASS" starttime="20230708 20:00:46.080" endtime="20230708 20:00:46.080"/>
</kw>
<kw name="Log To Console" library="BuiltIn">
<arg>${MONTHS.month6} has ${MONTHS.daysjun} days</arg>
<doc>Logs the given message to the console.</doc>
<status status="PASS" starttime="20230708 20:00:46.080" endtime="20230708 20:00:46.081"/>
</kw>
<kw name="Log To Console" library="BuiltIn">
<arg>${MONTHS.month7} has ${MONTHS.daysjul} days</arg>
<doc>Logs the given message to the console.</doc>
<status status="PASS" starttime="20230708 20:00:46.082" endtime="20230708 20:00:46.083"/>
</kw>
<kw name="Log To Console" library="BuiltIn">
<arg>${MONTHS.month8} has ${MONTHS.daysaug} days</arg>
<doc>Logs the given message to the console.</doc>
<status status="PASS" starttime="20230708 20:00:46.083" endtime="20230708 20:00:46.084"/>
</kw>
<kw name="Log To Console" library="BuiltIn">
<arg>${MONTHS.month9} has ${MONTHS.dayssep} days</arg>
<doc>Logs the given message to the console.</doc>
<status status="PASS" starttime="20230708 20:00:46.084" endtime="20230708 20:00:46.085"/>
</kw>
<kw name="Log To Console" library="BuiltIn">
<arg>${MONTHS.month10} has ${MONTHS.daysoct} days</arg>
<doc>Logs the given message to the console.</doc>
<status status="PASS" starttime="20230708 20:00:46.085" endtime="20230708 20:00:46.086"/>
</kw>
<kw name="Log To Console" library="BuiltIn">
<arg>${MONTHS.month11} has ${MONTHS.daysnov} days</arg>
<doc>Logs the given message to the console.</doc>
<status status="PASS" starttime="20230708 20:00:46.086" endtime="20230708 20:00:46.088"/>
</kw>
<kw name="Log To Console" library="BuiltIn">
<arg>${MONTHS.month12} has ${MONTHS.daysdec} days</arg>
<doc>Logs the given message to the console.</doc>
<status status="PASS" starttime="20230708 20:00:46.088" endtime="20230708 20:00:46.089"/>
</kw>
<status status="PASS" starttime="20230708 20:00:46.075" endtime="20230708 20:00:46.089"/>
</kw>
<status status="PASS" starttime="20230708 20:00:46.075" endtime="20230708 20:00:46.089"/>
</test>
<doc>Test suite using dictionary-type variables.</doc>
<status status="PASS" starttime="20230708 20:00:46.029" endtime="20230708 20:00:46.090"/>
</suite>
<statistics>
<total>
<stat pass="1" fail="0" skip="0">All Tests</stat>
</total>
<tag>
</tag>
<suite>
<stat pass="1" fail="0" skip="0" id="s1" name="DesafioDicionario">DesafioDicionario</stat>
</suite>
</statistics>
<errors>
</errors>
</robot>
